<?xml version="1.0" encoding="UTF-8"?>
<!-- Generated by org.testng.reporters.JUnitXMLReporter -->
<testsuite hostname="HUNTER" ignored="0" name="Adapter Tests" tests="15" failures="11" timestamp="15 Jul 2020 07:57:28 GMT" time="1988.485" errors="0">
  <testcase name="openAdapterPage" time="13.149" classname="unbxdTests.testNg.ui.pim.Adapter_Tests"/>
  <testcase name="verifyAdapterCreation" time="1.114" classname="unbxdTests.testNg.ui.pim.Adapter_Tests"/>
  <testcase name="verifyAdapterSearch" time="1.542" classname="unbxdTests.testNg.ui.pim.Adapter_Tests"/>
  <testcase name="openAdaptorEditPage" time="1.577" classname="unbxdTests.testNg.ui.pim.Adapter_Tests"/>
  <testcase name="verifyPreFilledAdapterProperties" time="13.647" classname="unbxdTests.testNg.ui.pim.Adapter_Tests">
    <failure type="java.lang.NullPointerException">
      <![CDATA[java.lang.NullPointerException
	at unbxdTests.testNg.ui.pim.Adapter_Tests.verifyPreFilledAdapterProperties(Adapter_Tests.java:143)
... Removed 25 stack frames]]>
    </failure>
  </testcase> <!-- verifyPreFilledAdapterProperties -->
  <testcase name="addAdapterProperty_Image" time="194.835" classname="unbxdTests.testNg.ui.pim.Adapter_Tests">
    <failure type="java.lang.AssertionError" message="expected [Adapter properties mapping successfully updated] but found [null]">
      <![CDATA[java.lang.AssertionError: expected [Adapter properties mapping successfully updated] but found [null]
	at unbxdTests.testNg.ui.pim.Adapter_Tests.addAdapterProperty_Image(Adapter_Tests.java:152)
... Removed 31 stack frames]]>
    </failure>
  </testcase> <!-- addAdapterProperty_Image -->
  <testcase name="addAdapterProperty_TreeList" time="194.938" classname="unbxdTests.testNg.ui.pim.Adapter_Tests">
    <failure type="java.lang.AssertionError" message="expected [Adapter properties mapping successfully updated] but found [null]">
      <![CDATA[java.lang.AssertionError: expected [Adapter properties mapping successfully updated] but found [null]
	at unbxdTests.testNg.ui.pim.Adapter_Tests.addAdapterProperty_TreeList(Adapter_Tests.java:163)
... Removed 31 stack frames]]>
    </failure>
  </testcase> <!-- addAdapterProperty_TreeList -->
  <testcase name="addAdapterProperty_Boolean" time="194.843" classname="unbxdTests.testNg.ui.pim.Adapter_Tests">
    <failure type="java.lang.AssertionError" message="expected [Adapter properties mapping successfully updated] but found [null]">
      <![CDATA[java.lang.AssertionError: expected [Adapter properties mapping successfully updated] but found [null]
	at unbxdTests.testNg.ui.pim.Adapter_Tests.addAdapterProperty_Boolean(Adapter_Tests.java:174)
... Removed 31 stack frames]]>
    </failure>
  </testcase> <!-- addAdapterProperty_Boolean -->
  <testcase name="addAdapterProperty_TextArea" time="195.023" classname="unbxdTests.testNg.ui.pim.Adapter_Tests">
    <failure type="java.lang.AssertionError" message="expected [Adapter properties mapping successfully updated] but found [null]">
      <![CDATA[java.lang.AssertionError: expected [Adapter properties mapping successfully updated] but found [null]
	at unbxdTests.testNg.ui.pim.Adapter_Tests.addAdapterProperty_TextArea(Adapter_Tests.java:185)
... Removed 31 stack frames]]>
    </failure>
  </testcase> <!-- addAdapterProperty_TextArea -->
  <testcase name="addAdapterProperty_Link" time="200.417" classname="unbxdTests.testNg.ui.pim.Adapter_Tests">
    <failure type="java.lang.AssertionError" message="expected [Adapter properties mapping successfully updated] but found [null]">
      <![CDATA[java.lang.AssertionError: expected [Adapter properties mapping successfully updated] but found [null]
	at unbxdTests.testNg.ui.pim.Adapter_Tests.addAdapterProperty_Link(Adapter_Tests.java:196)
... Removed 31 stack frames]]>
    </failure>
  </testcase> <!-- addAdapterProperty_Link -->
  <testcase name="addAdapterProperty_Number" time="200.322" classname="unbxdTests.testNg.ui.pim.Adapter_Tests">
    <failure type="java.lang.AssertionError" message="expected [Adapter properties mapping successfully updated] but found [null]">
      <![CDATA[java.lang.AssertionError: expected [Adapter properties mapping successfully updated] but found [null]
	at unbxdTests.testNg.ui.pim.Adapter_Tests.addAdapterProperty_Number(Adapter_Tests.java:207)
... Removed 31 stack frames]]>
    </failure>
  </testcase> <!-- addAdapterProperty_Number -->
  <testcase name="addAdapterProperty_Date" time="200.167" classname="unbxdTests.testNg.ui.pim.Adapter_Tests">
    <failure type="java.lang.AssertionError" message="expected [Adapter properties mapping successfully updated] but found [null]">
      <![CDATA[java.lang.AssertionError: expected [Adapter properties mapping successfully updated] but found [null]
	at unbxdTests.testNg.ui.pim.Adapter_Tests.addAdapterProperty_Date(Adapter_Tests.java:219)
... Removed 31 stack frames]]>
    </failure>
  </testcase> <!-- addAdapterProperty_Date -->
  <testcase name="addEmptyAdapterProperty" time="126.998" classname="unbxdTests.testNg.ui.pim.Adapter_Tests">
    <failure type="java.lang.AssertionError" message="expected [Adapter properties mapping successfully updated] but found [null]">
      <![CDATA[java.lang.AssertionError: expected [Adapter properties mapping successfully updated] but found [null]
	at unbxdTests.testNg.ui.pim.Adapter_Tests.addEmptyAdapterProperty(Adapter_Tests.java:231)
... Removed 31 stack frames]]>
    </failure>
  </testcase> <!-- addEmptyAdapterProperty -->
  <testcase name="performMappingForEmptyProperty" time="115.098" classname="unbxdTests.testNg.ui.pim.Adapter_Tests">
    <failure type="java.lang.AssertionError" message="expected [Adapter properties mapping successfully updated] but found [null]">
      <![CDATA[java.lang.AssertionError: expected [Adapter properties mapping successfully updated] but found [null]
	at unbxdTests.testNg.ui.pim.Adapter_Tests.performMappingForEmptyProperty(Adapter_Tests.java:244)
... Removed 31 stack frames]]>
    </failure>
  </testcase> <!-- performMappingForEmptyProperty -->
  <testcase name="verifyTheCountOfMappedProperties" time="12.104" classname="unbxdTests.testNg.ui.pim.Adapter_Tests">
    <failure type="java.lang.AssertionError" message="expected [true] but found [false]">
      <![CDATA[java.lang.AssertionError: expected [true] but found [false]
	at unbxdTests.testNg.ui.pim.Adapter_Tests.verifyTheCountOfMappedProperties(Adapter_Tests.java:251)
... Removed 29 stack frames]]>
    </failure>
  </testcase> <!-- verifyTheCountOfMappedProperties -->
</testsuite> <!-- Adapter Tests -->
