<?xml version="1.0" encoding="UTF-8"?>
<!-- Generated by org.testng.reporters.JUnitXMLReporter -->
<testsuite hostname="HUNTER" ignored="0" name="Advance Filters Tests" tests="11" failures="3" timestamp="15 Jul 2020 07:13:39 GMT" time="63.735" errors="0">
  <testcase name="verifyIfAdvanceFilterIsOpening" time="0.561" classname="unbxdTests.testNg.ui.pim.AdvanceFilter_Tests"/>
  <testcase name="verifyTheListOptionsInLabelDropdown" time="0.282" classname="unbxdTests.testNg.ui.pim.AdvanceFilter_Tests"/>
  <testcase name="verifyTheValuesForProperty" time="2.77" classname="unbxdTests.testNg.ui.pim.AdvanceFilter_Tests">
    <failure type="java.lang.AssertionError" message="lists don&amp;apos;t have the same size expected [20] but found [23]">
      <![CDATA[java.lang.AssertionError: lists don't have the same size expected [20] but found [23]
	at unbxdTests.testNg.ui.pim.AdvanceFilter_Tests.verifyTheValuesForProperty(AdvanceFilter_Tests.java:100)
... Removed 32 stack frames]]>
    </failure>
  </testcase> <!-- verifyTheValuesForProperty -->
  <testcase name="verifyTheValuesForSystemProperty" time="2.458" classname="unbxdTests.testNg.ui.pim.AdvanceFilter_Tests"/>
  <testcase name="verifyTheValuesForTask" time="2.48" classname="unbxdTests.testNg.ui.pim.AdvanceFilter_Tests"/>
  <testcase name="verifyTheValuesForProductGroup" time="2.457" classname="unbxdTests.testNg.ui.pim.AdvanceFilter_Tests"/>
  <testcase name="verifyTheOperatorsForProductGroup" time="4.694" classname="unbxdTests.testNg.ui.pim.AdvanceFilter_Tests"/>
  <testcase name="verifyTheOperatorsForSystemProperty" time="4.776" classname="unbxdTests.testNg.ui.pim.AdvanceFilter_Tests">
    <failure type="java.lang.AssertionError" message="Lists differ at element [0]: on != in the time frame of expected [on] but found [in the time frame of]">
      <![CDATA[java.lang.AssertionError: Lists differ at element [0]: on != in the time frame of expected [on] but found [in the time frame of]
	at unbxdTests.testNg.ui.pim.AdvanceFilter_Tests.verifyTheOperatorsForSystemProperty(AdvanceFilter_Tests.java:150)
... Removed 30 stack frames]]>
    </failure>
  </testcase> <!-- verifyTheOperatorsForSystemProperty -->
  <testcase name="verifyTheOperatorsForTask" time="4.72" classname="unbxdTests.testNg.ui.pim.AdvanceFilter_Tests"/>
  <testcase name="verifyTheOperatorsForProperty" time="5.305" classname="unbxdTests.testNg.ui.pim.AdvanceFilter_Tests"/>
  <testcase name="verifyTheProductsDisplayed" time="9.179" classname="unbxdTests.testNg.ui.pim.AdvanceFilter_Tests">
    <failure type="java.lang.AssertionError" message="lists don&amp;apos;t have the same size expected [3] but found [5]">
      <![CDATA[java.lang.AssertionError: lists don't have the same size expected [3] but found [5]
	at unbxdTests.testNg.ui.pim.AdvanceFilter_Tests.verifyTheProductsDisplayed(AdvanceFilter_Tests.java:187)
... Removed 32 stack frames]]>
    </failure>
  </testcase> <!-- verifyTheProductsDisplayed -->
</testsuite> <!-- Advance Filters Tests -->
