<?xml version="1.0" encoding="UTF-8"?>
<!-- Generated by org.testng.reporters.JUnitXMLReporter -->
<testsuite hostname="HUNTER" ignored="0" name="Advance Filters Tests" tests="11" failures="4" timestamp="29 Jun 2020 06:11:13 GMT" time="76.202" errors="0">
  <testcase name="verifyIfAdvanceFilterIsOpening" time="0.8" classname="unbxdTests.testNg.ui.pim.AdvanceFilter_Tests"/>
  <testcase name="verifyTheListOptionsInLabelDropdown" time="0.316" classname="unbxdTests.testNg.ui.pim.AdvanceFilter_Tests"/>
  <testcase name="verifyTheValuesForProperty" time="3.191" classname="unbxdTests.testNg.ui.pim.AdvanceFilter_Tests">
    <failure type="java.lang.AssertionError" message="lists don&amp;apos;t have the same size expected [20] but found [49]">
      <![CDATA[java.lang.AssertionError: lists don't have the same size expected [20] but found [49]
	at unbxdTests.testNg.ui.pim.AdvanceFilter_Tests.verifyTheValuesForProperty(AdvanceFilter_Tests.java:100)
... Removed 32 stack frames]]>
    </failure>
  </testcase> <!-- verifyTheValuesForProperty -->
  <testcase name="verifyTheValuesForSystemProperty" time="2.434" classname="unbxdTests.testNg.ui.pim.AdvanceFilter_Tests"/>
  <testcase name="verifyTheValuesForTask" time="2.48" classname="unbxdTests.testNg.ui.pim.AdvanceFilter_Tests"/>
  <testcase name="verifyTheValuesForProductGroup" time="2.432" classname="unbxdTests.testNg.ui.pim.AdvanceFilter_Tests"/>
  <testcase name="verifyTheOperatorsForProductGroup" time="4.614" classname="unbxdTests.testNg.ui.pim.AdvanceFilter_Tests"/>
  <testcase name="verifyTheOperatorsForSystemProperty" time="4.672" classname="unbxdTests.testNg.ui.pim.AdvanceFilter_Tests">
    <failure type="java.lang.AssertionError" message="Lists differ at element [0]: on != in the time frame of expected [on] but found [in the time frame of]">
      <![CDATA[java.lang.AssertionError: Lists differ at element [0]: on != in the time frame of expected [on] but found [in the time frame of]
	at unbxdTests.testNg.ui.pim.AdvanceFilter_Tests.verifyTheOperatorsForSystemProperty(AdvanceFilter_Tests.java:150)
... Removed 30 stack frames]]>
    </failure>
  </testcase> <!-- verifyTheOperatorsForSystemProperty -->
  <testcase name="verifyTheOperatorsForTask" time="4.657" classname="unbxdTests.testNg.ui.pim.AdvanceFilter_Tests"/>
  <testcase name="verifyTheOperatorsForProperty" time="8.152" classname="unbxdTests.testNg.ui.pim.AdvanceFilter_Tests">
    <failure type="java.lang.AssertionError" message="lists don&amp;apos;t have the same size expected [8] but found [49]">
      <![CDATA[java.lang.AssertionError: lists don't have the same size expected [8] but found [49]
	at unbxdTests.testNg.ui.pim.AdvanceFilter_Tests.verifyTheOperatorsForProperty(AdvanceFilter_Tests.java:172)
... Removed 32 stack frames]]>
    </failure>
  </testcase> <!-- verifyTheOperatorsForProperty -->
  <testcase name="verifyTheProductsDisplayed" time="18.306" classname="unbxdTests.testNg.ui.pim.AdvanceFilter_Tests">
    <failure type="java.lang.AssertionError" message="lists don&amp;apos;t have the same size expected [3] but found [10]">
      <![CDATA[java.lang.AssertionError: lists don't have the same size expected [3] but found [10]
	at unbxdTests.testNg.ui.pim.AdvanceFilter_Tests.verifyTheProductsDisplayed(AdvanceFilter_Tests.java:187)
... Removed 32 stack frames]]>
    </failure>
  </testcase> <!-- verifyTheProductsDisplayed -->
</testsuite> <!-- Advance Filters Tests -->
