<?xml version="1.0" encoding="UTF-8"?>
<!-- Generated by org.testng.reporters.JUnitXMLReporter -->
<testsuite hostname="HUNTER" ignored="0" name="Certify Products Tests" tests="2" failures="2" timestamp="15 Jul 2020 07:17:11 GMT" time="212.489" errors="0">
  <testcase name="verifyCertifyProduct" time="73.905" classname="unbxdTests.testNg.ui.pim.CertifyProduct_Tests">
    <failure type="java.lang.AssertionError" message="expected [Certify 1 product(s) for network] but found [null]">
      <![CDATA[java.lang.AssertionError: expected [Certify 1 product(s) for network] but found [null]
	at unbxdTests.testNg.ui.pim.CertifyProduct_Tests.verifyCertifyProduct(CertifyProduct_Tests.java:102)
... Removed 31 stack frames]]>
    </failure>
  </testcase> <!-- verifyCertifyProduct -->
  <testcase name="verifyTheProductsAddedToLabel" time="120.214" classname="unbxdTests.testNg.ui.pim.CertifyProduct_Tests">
    <failure type="java.lang.AssertionError" message="Collections not equal: expected: [snooky Men Vest
Variant, snooky Men Vest
Variant, snooky Men Vest
Variant, snooky Men Vest
Variant] and actual: null">
      <![CDATA[java.lang.AssertionError: Collections not equal: expected: [snooky Men Vest
Variant, snooky Men Vest
Variant, snooky Men Vest
Variant, snooky Men Vest
Variant] and actual: null
	at unbxdTests.testNg.ui.pim.CertifyProduct_Tests.verifyTheProductsAddedToLabel(CertifyProduct_Tests.java:140)
... Removed 28 stack frames]]>
    </failure>
  </testcase> <!-- verifyTheProductsAddedToLabel -->
</testsuite> <!-- Certify Products Tests -->
