<?xml version="1.0" encoding="UTF-8"?>
<!-- Generated by org.testng.reporters.JUnitXMLReporter -->
<testsuite hostname="HUNTER" ignored="0" name="Import SFTP Tests" tests="5" failures="3" timestamp="04 Jul 2020 04:26:08 GMT" time="306.449" errors="0">
  <testcase name="openImportSftpPage" time="2.281" classname="unbxdTests.testNg.ui.pim.ImportSFTP_Tests"/>
  <testcase name="verifyImportSftpCreation" time="39.151" classname="unbxdTests.testNg.ui.pim.ImportSFTP_Tests">
    <failure type="java.lang.AssertionError" message="Collections not equal: expected: [Import SFTP 1] and actual: null">
      <![CDATA[java.lang.AssertionError: Collections not equal: expected: [Import SFTP 1] and actual: null
	at unbxdTests.testNg.ui.pim.ImportSFTP_Tests.verifyImportSftpCreation(ImportSFTP_Tests.java:100)
... Removed 28 stack frames]]>
    </failure>
  </testcase> <!-- verifyImportSftpCreation -->
  <testcase name="verifyImportSftpUpdate" time="114.258" classname="unbxdTests.testNg.ui.pim.ImportSFTP_Tests">
    <failure type="java.lang.AssertionError" message="Collections not equal: expected: [Updated Import SFTP 1] and actual: null">
      <![CDATA[java.lang.AssertionError: Collections not equal: expected: [Updated Import SFTP 1] and actual: null
	at unbxdTests.testNg.ui.pim.ImportSFTP_Tests.verifyImportSftpUpdate(ImportSFTP_Tests.java:110)
... Removed 28 stack frames]]>
    </failure>
  </testcase> <!-- verifyImportSftpUpdate -->
  <testcase name="deleteSftp" time="98.396" classname="unbxdTests.testNg.ui.pim.ImportSFTP_Tests"/>
  <testcase name="verifyCreation" time="38.858" classname="unbxdTests.testNg.ui.pim.ImportSFTP_Tests">
    <failure type="java.lang.AssertionError" message="Collections not equal: expected: [Import SFTP 1] and actual: null">
      <![CDATA[java.lang.AssertionError: Collections not equal: expected: [Import SFTP 1] and actual: null
	at unbxdTests.testNg.ui.pim.ImportSFTP_Tests.verifyCreation(ImportSFTP_Tests.java:124)
... Removed 28 stack frames]]>
    </failure>
  </testcase> <!-- verifyCreation -->
</testsuite> <!-- Import SFTP Tests -->
