<?xml version="1.0" encoding="UTF-8"?>
<!-- Generated by org.testng.reporters.JUnitXMLReporter -->
<testsuite hostname="HUNTER" ignored="0" name="Organisation Profile Tests" tests="6" failures="1" timestamp="05 Jul 2020 04:50:49 GMT" time="47.614" errors="0">
  <testcase name="verifyOrganisationProfilePage" time="5.405" classname="unbxdTests.testNg.ui.pim.OrganisationProfile_Tests"/>
  <testcase name="verifyOrgName" time="0.109" classname="unbxdTests.testNg.ui.pim.OrganisationProfile_Tests"/>
  <testcase name="uploadOrgImage" time="15.148" classname="unbxdTests.testNg.ui.pim.OrganisationProfile_Tests"/>
  <testcase name="verifyImageUrl" time="0.17" classname="unbxdTests.testNg.ui.pim.OrganisationProfile_Tests"/>
  <testcase name="addPimLogo" time="0.851" classname="unbxdTests.testNg.ui.pim.OrganisationProfile_Tests"/>
  <testcase name="removePimLogo" time="1.246" classname="unbxdTests.testNg.ui.pim.OrganisationProfile_Tests">
    <failure type="java.lang.AssertionError" message="expected [true] but found [false]">
      <![CDATA[java.lang.AssertionError: expected [true] but found [false]
	at unbxdTests.testNg.ui.pim.OrganisationProfile_Tests.removePimLogo(OrganisationProfile_Tests.java:100)
... Removed 29 stack frames]]>
    </failure>
  </testcase> <!-- removePimLogo -->
</testsuite> <!-- Organisation Profile Tests -->
