<?xml version="1.0" encoding="UTF-8"?>
<!-- Generated by org.testng.reporters.JUnitXMLReporter -->
<testsuite hostname="HUNTER" ignored="0" name="Partner Tests" tests="8" failures="0" timestamp="29 Jun 2020 06:23:55 GMT" time="31.268" errors="0">
  <testcase name="openPartnerPage" time="0.271" classname="unbxdTests.testNg.ui.pim.Partner_Tests"/>
  <testcase name="verifyPartnerCreation" time="2.04" classname="unbxdTests.testNg.ui.pim.Partner_Tests"/>
  <testcase name="verifyPartnerName" time="1.497" classname="unbxdTests.testNg.ui.pim.Partner_Tests"/>
  <testcase name="verifyPartnerEmail" time="0.852" classname="unbxdTests.testNg.ui.pim.Partner_Tests"/>
  <testcase name="verifyPartnerEmailIsDisabled" time="0.817" classname="unbxdTests.testNg.ui.pim.Partner_Tests"/>
  <testcase name="verifyPartnerDetailsInListingPage" time="0.61" classname="unbxdTests.testNg.ui.pim.Partner_Tests"/>
  <testcase name="verifyPartnerUpdate" time="2.669" classname="unbxdTests.testNg.ui.pim.Partner_Tests"/>
  <testcase name="verifyPartnerSFTPCreation" time="7.503" classname="unbxdTests.testNg.ui.pim.Partner_Tests"/>
</testsuite> <!-- Partner Tests -->
