<?xml version="1.0" encoding="UTF-8"?>
<!-- Generated by org.testng.reporters.JUnitXMLReporter -->
<testsuite hostname="HUNTER" ignored="0" name="Product Group Tests" tests="12" failures="11" timestamp="04 Jul 2020 05:35:50 GMT" time="3040.488" errors="0">
  <testcase name="verifyTheProductGrpPageWhenThereIsNoProductGrpListing" time="24.059" classname="unbxdTests.testNg.ui.pim.ProductGroup_Tests">
    <failure type="java.lang.AssertionError" message="expected [Product group lets you group relevant products so that it is easy to organize and manage products.
Just select the type of product group (Static or Dynamic), enter the product group name, and you have a new product group.] but found [null]">
      <![CDATA[java.lang.AssertionError: expected [Product group lets you group relevant products so that it is easy to organize and manage products.
Just select the type of product group (Static or Dynamic), enter the product group name, and you have a new product group.] but found [null]
	at unbxdTests.testNg.ui.pim.ProductGroup_Tests.verifyTheProductGrpPageWhenThereIsNoProductGrpListing(ProductGroup_Tests.java:128)
... Removed 31 stack frames]]>
    </failure>
  </testcase> <!-- verifyTheProductGrpPageWhenThereIsNoProductGrpListing -->
  <testcase name="verifyStaticProductGrpCreation" time="12.736" classname="unbxdTests.testNg.ui.pim.ProductGroup_Tests"/>
  <testcase name="verifyAddProductsToProductGrp" time="245.33" classname="unbxdTests.testNg.ui.pim.ProductGroup_Tests">
    <failure type="java.lang.NullPointerException">
      <![CDATA[java.lang.NullPointerException
	at unbxdTests.testNg.ui.pim.ProductGroup_Tests.verifyAddProductsToProductGrp(ProductGroup_Tests.java:148)
... Removed 25 stack frames]]>
    </failure>
  </testcase> <!-- verifyAddProductsToProductGrp -->
  <testcase name="verifyAddingMoreProductsToProductGroup" time="185.1" classname="unbxdTests.testNg.ui.pim.ProductGroup_Tests">
    <failure type="java.lang.NullPointerException">
      <![CDATA[java.lang.NullPointerException
	at unbxdTests.testNg.ui.pim.ProductGroup_Tests.verifyAddingMoreProductsToProductGroup(ProductGroup_Tests.java:160)
... Removed 25 stack frames]]>
    </failure>
  </testcase> <!-- verifyAddingMoreProductsToProductGroup -->
  <testcase name="verifyProductGrpNameUpdation" time="122.064" classname="unbxdTests.testNg.ui.pim.ProductGroup_Tests">
    <failure type="java.lang.AssertionError" message="expected [Product group information successfully updated] but found [null]">
      <![CDATA[java.lang.AssertionError: expected [Product group information successfully updated] but found [null]
	at unbxdTests.testNg.ui.pim.ProductGroup_Tests.verifyProductGrpNameUpdation(ProductGroup_Tests.java:171)
... Removed 31 stack frames]]>
    </failure>
  </testcase> <!-- verifyProductGrpNameUpdation -->
  <testcase name="verifyBulkEditOfTextProductInProductGrp" time="400.219" classname="unbxdTests.testNg.ui.pim.ProductGroup_Tests">
    <failure type="java.lang.AssertionError" message="expected [Fabric] but found [null]">
      <![CDATA[java.lang.AssertionError: expected [Fabric] but found [null]
	at unbxdTests.testNg.ui.pim.ProductGroup_Tests.verifyBulkEditOfTextProductInProductGrp(ProductGroup_Tests.java:185)
... Removed 31 stack frames]]>
    </failure>
  </testcase> <!-- verifyBulkEditOfTextProductInProductGrp -->
  <testcase name="verifyProductRemovalFromProdGrp" time="326.988" classname="unbxdTests.testNg.ui.pim.ProductGroup_Tests">
    <failure type="java.lang.AssertionError" message="expected [Successfully removed product(s) from product group!] but found [null]">
      <![CDATA[java.lang.AssertionError: expected [Successfully removed product(s) from product group!] but found [null]
	at unbxdTests.testNg.ui.pim.ProductGroup_Tests.verifyProductRemovalFromProdGrp(ProductGroup_Tests.java:223)
... Removed 31 stack frames]]>
    </failure>
  </testcase> <!-- verifyProductRemovalFromProdGrp -->
  <testcase name="verifyProductDeletionFromProdGrp" time="339.046" classname="unbxdTests.testNg.ui.pim.ProductGroup_Tests">
    <failure type="java.lang.NullPointerException">
      <![CDATA[java.lang.NullPointerException
	at unbxdTests.testNg.ui.pim.ProductGroup_Tests.verifyProductDeletionFromProdGrp(ProductGroup_Tests.java:239)
... Removed 25 stack frames]]>
    </failure>
  </testcase> <!-- verifyProductDeletionFromProdGrp -->
  <testcase name="verifyDynamicProductGrpCreation" time="204.586" classname="unbxdTests.testNg.ui.pim.ProductGroup_Tests">
    <failure type="java.lang.AssertionError" message="expected [true] but found [false]">
      <![CDATA[java.lang.AssertionError: expected [true] but found [false]
	at unbxdTests.testNg.ui.pim.ProductGroup_Tests.verifyDynamicProductGrpCreation(ProductGroup_Tests.java:248)
... Removed 29 stack frames]]>
    </failure>
  </testcase> <!-- verifyDynamicProductGrpCreation -->
  <testcase name="verifyApplyingAdvanceFilter" time="511.367" classname="unbxdTests.testNg.ui.pim.ProductGroup_Tests">
    <failure type="java.lang.NullPointerException">
      <![CDATA[java.lang.NullPointerException
	at unbxdTests.testNg.ui.pim.ProductGroup_Tests.verifyApplyingAdvanceFilter(ProductGroup_Tests.java:268)
... Removed 25 stack frames]]>
    </failure>
  </testcase> <!-- verifyApplyingAdvanceFilter -->
  <testcase name="verifyDynamicProductGrpDelete" time="289.872" classname="unbxdTests.testNg.ui.pim.ProductGroup_Tests">
    <failure type="java.lang.AssertionError" message="expected [true] but found [false]">
      <![CDATA[java.lang.AssertionError: expected [true] but found [false]
	at unbxdTests.testNg.ui.pim.ProductGroup_Tests.verifyDynamicProductGrpDelete(ProductGroup_Tests.java:304)
... Removed 29 stack frames]]>
    </failure>
  </testcase> <!-- verifyDynamicProductGrpDelete -->
  <testcase name="verifyBulkProductGrpDelete" time="244.093" classname="unbxdTests.testNg.ui.pim.ProductGroup_Tests">
    <failure type="java.lang.AssertionError" message="expected [Product group lets you group relevant products so that it is easy to organize and manage products.
Just select the type of product group (Static or Dynamic), enter the product group name, and you have a new product group.] but found [null]">
      <![CDATA[java.lang.AssertionError: expected [Product group lets you group relevant products so that it is easy to organize and manage products.
Just select the type of product group (Static or Dynamic), enter the product group name, and you have a new product group.] but found [null]
	at unbxdTests.testNg.ui.pim.ProductGroup_Tests.verifyBulkProductGrpDelete(ProductGroup_Tests.java:312)
... Removed 31 stack frames]]>
    </failure>
  </testcase> <!-- verifyBulkProductGrpDelete -->
</testsuite> <!-- Product Group Tests -->
