<?xml version="1.0" encoding="UTF-8"?>
<!-- Generated by org.testng.reporters.JUnitXMLReporter -->
<testsuite hostname="HUNTER" ignored="0" name="User Profile Tests" tests="8" failures="0" timestamp="08 Jul 2020 05:03:34 GMT" time="37.738" errors="0">
  <testcase name="verifyOrganisationProfilePage" time="5.228" classname="unbxdTests.testNg.ui.pim.UserProfile_Tests"/>
  <testcase name="verifyUserName" time="0.1" classname="unbxdTests.testNg.ui.pim.UserProfile_Tests"/>
  <testcase name="verifyEmailID" time="0.037" classname="unbxdTests.testNg.ui.pim.UserProfile_Tests"/>
  <testcase name="verifyEmailFieldIsDisabled" time="0.034" classname="unbxdTests.testNg.ui.pim.UserProfile_Tests"/>
  <testcase name="verifyImageUpload" time="10.225" classname="unbxdTests.testNg.ui.pim.UserProfile_Tests"/>
  <testcase name="verifyNameUpdate" time="3.526" classname="unbxdTests.testNg.ui.pim.UserProfile_Tests"/>
  <testcase name="verifyNameUpdateInMenuPage" time="0.202" classname="unbxdTests.testNg.ui.pim.UserProfile_Tests"/>
  <testcase name="verifyProfileImageInMenuPage" time="0.124" classname="unbxdTests.testNg.ui.pim.UserProfile_Tests"/>
</testsuite> <!-- User Profile Tests -->
