<?xml version="1.0" encoding="UTF-8"?>
<!-- Generated by org.testng.reporters.JUnitXMLReporter -->
<testsuite hostname="HUNTER" ignored="0" name="User Permissions For Read Only" tests="5" failures="5" timestamp="29 Jun 2020 06:55:51 GMT" time="40.376" errors="0">
  <testcase name="changeAllTheSystemPermissionsToHide" time="23.246" classname="unbxdTests.testNg.ui.pim.UserPermissions.SetToReadOnly">
    <failure type="java.lang.AssertionError" message="expected [System permission details for this role successfully updated] but found [Successfully updated the system permission details for the &amp;apos;QaN_TestReadOnly&amp;apos; role]">
      <![CDATA[java.lang.AssertionError: expected [System permission details for this role successfully updated] but found [Successfully updated the system permission details for the 'QaN_TestReadOnly' role]
	at unbxdTests.testNg.ui.pim.UserPermissions.SetToReadOnly.changeAllTheSystemPermissionsToHide(SetToReadOnly.java:111)
... Removed 31 stack frames]]>
    </failure>
  </testcase> <!-- changeAllTheSystemPermissionsToHide -->
  <testcase name="verifyOrganisationSetupIsHidden" time="4.015" classname="unbxdTests.testNg.ui.pim.UserPermissions.SetToReadOnly">
    <failure type="java.lang.AssertionError" message="expected [false] but found [true]">
      <![CDATA[java.lang.AssertionError: expected [false] but found [true]
	at unbxdTests.testNg.ui.pim.UserPermissions.SetToReadOnly.verifyOrganisationSetupIsHidden(SetToReadOnly.java:121)
... Removed 31 stack frames]]>
    </failure>
  </testcase> <!-- verifyOrganisationSetupIsHidden -->
  <testcase name="verifyIfPropertiesIsHidden" time="0.469" classname="unbxdTests.testNg.ui.pim.UserPermissions.SetToReadOnly">
    <failure type="java.lang.AssertionError" message="expected [false] but found [true]">
      <![CDATA[java.lang.AssertionError: expected [false] but found [true]
	at unbxdTests.testNg.ui.pim.UserPermissions.SetToReadOnly.verifyIfPropertiesIsHidden(SetToReadOnly.java:130)
... Removed 31 stack frames]]>
    </failure>
  </testcase> <!-- verifyIfPropertiesIsHidden -->
  <testcase name="verifyIfTasksIsHidden" time="0.368" classname="unbxdTests.testNg.ui.pim.UserPermissions.SetToReadOnly">
    <failure type="java.lang.AssertionError" message="expected [false] but found [true]">
      <![CDATA[java.lang.AssertionError: expected [false] but found [true]
	at unbxdTests.testNg.ui.pim.UserPermissions.SetToReadOnly.verifyIfTasksIsHidden(SetToReadOnly.java:137)
... Removed 31 stack frames]]>
    </failure>
  </testcase> <!-- verifyIfTasksIsHidden -->
  <testcase name="verifyIfProductsIsHidden" time="0.636" classname="unbxdTests.testNg.ui.pim.UserPermissions.SetToReadOnly">
    <failure type="java.lang.AssertionError" message="expected [false] but found [true]">
      <![CDATA[java.lang.AssertionError: expected [false] but found [true]
	at unbxdTests.testNg.ui.pim.UserPermissions.SetToReadOnly.verifyIfProductsIsHidden(SetToReadOnly.java:143)
... Removed 31 stack frames]]>
    </failure>
  </testcase> <!-- verifyIfProductsIsHidden -->
</testsuite> <!-- User Permissions For Read Only -->
