<?xml version="1.0" encoding="UTF-8"?>
<!-- Generated by org.testng.reporters.JUnitXMLReporter -->
<testsuite hostname="HUNTER" ignored="0" name="User Permissions For Default" tests="8" failures="1" timestamp="29 Jun 2020 06:54:19 GMT" time="26.534" errors="0">
  <testcase name="changeAllTheSystemPermissionsToHide" time="9.011" classname="unbxdTests.testNg.ui.pim.UserPermissions.SetToDefault">
    <failure type="java.lang.AssertionError" message="expected [System permission details for this role successfully updated] but found [Successfully updated the system permission details for the &amp;apos;QaN_TestReadOnly&amp;apos; role]">
      <![CDATA[java.lang.AssertionError: expected [System permission details for this role successfully updated] but found [Successfully updated the system permission details for the 'QaN_TestReadOnly' role]
	at unbxdTests.testNg.ui.pim.UserPermissions.SetToDefault.changeAllTheSystemPermissionsToHide(SetToDefault.java:72)
... Removed 31 stack frames]]>
    </failure>
  </testcase> <!-- changeAllTheSystemPermissionsToHide -->
  <testcase name="verifyOrganisationSetupIsHidden" time="4.054" classname="unbxdTests.testNg.ui.pim.UserPermissions.SetToDefault"/>
  <testcase name="verifyIfPropertiesIsHidden" time="0.552" classname="unbxdTests.testNg.ui.pim.UserPermissions.SetToDefault"/>
  <testcase name="verifyIfTasksIsHidden" time="0.615" classname="unbxdTests.testNg.ui.pim.UserPermissions.SetToDefault"/>
  <testcase name="verifyIfProductsIsHidden" time="0.106" classname="unbxdTests.testNg.ui.pim.UserPermissions.SetToDefault"/>
  <testcase name="verifyIfImportIsHidden" time="0.526" classname="unbxdTests.testNg.ui.pim.UserPermissions.SetToDefault"/>
  <testcase name="verifyIfNetworkIsHidden" time="0.26" classname="unbxdTests.testNg.ui.pim.UserPermissions.SetToDefault"/>
  <testcase name="verifyIfCatalogIsHidden" time="0.409" classname="unbxdTests.testNg.ui.pim.UserPermissions.SetToDefault"/>
</testsuite> <!-- User Permissions For Default -->
