<?xml version="1.0" encoding="UTF-8"?>
<!-- Generated by org.testng.reporters.JUnitXMLReporter -->
<testsuite hostname="Abhishek.local" ignored="1" name="console-ui-tests" tests="8" failures="0" timestamp="13 Sep 2018 12:53:40 GMT" time="77.839" errors="0">
  <testcase name="verifyRolesPage" time="0.012" classname="unbxdTests.testNg.ui.pim.Roles_Tests"/>
  <testcase name="verifyRoleCreation" time="2.929" classname="unbxdTests.testNg.ui.pim.Roles_Tests"/>
  <testcase name="verifyRoleName" time="2.059" classname="unbxdTests.testNg.ui.pim.Roles_Tests"/>
  <testcase name="verifyTheMembersDisplayedInMemberSection" time="2.372" classname="unbxdTests.testNg.ui.pim.Roles_Tests"/>
  <testcase name="verifyTheSystemPermissions" time="2.36" classname="unbxdTests.testNg.ui.pim.Roles_Tests"/>
  <testcase name="addMemberToRole" time="7.977" classname="unbxdTests.testNg.ui.pim.Roles_Tests"/>
  <testcase name="verifyUpdatingRole" time="4.529" classname="unbxdTests.testNg.ui.pim.Roles_Tests"/>
  <testcase name="verifyRoleDeletion" time="4.764" classname="unbxdTests.testNg.ui.pim.Roles_Tests"/>
  <testcase name="verifyThePropertyPermissions" time="0.0" classname="unbxdTests.testNg.ui.pim.Roles_Tests">
    <ignored/>
  </testcase> <!-- verifyThePropertyPermissions -->
</testsuite> <!-- console-ui-tests -->
